0.6392 	WARNING 	We strongly recommend you activate the PTB sound engine in PsychoPy prefs as the preferred audio engine. Its timing is vastly superior. Your prefs are currently set to use ['sounddevice', 'PTB', 'pyo', 'pygame'] (in that order).
2.3394 	WARNING 	psychopy.parallel has been imported on a Mac (which doesn't have a parallel port?)
10.2907 	WARNING 	User requested fullscreen with size [1512  982], but screen is actually [1600, 900]. Using actual size
10.8224 	EXP 	Created window1 = Window(allowGUI=True, allowStencil=False, autoLog=True, backendConf=UNKNOWN, bitsMode=UNKNOWN, blendMode='avg', bpc=(8, 8, 8), color=array([-1, -1, -1]), colorSpace='rgb', depthBits=8, fullscr=<method-wrapper '__getattribute__' of attributeSetter object at 0x7f8d41473a90>, gamma=None, gammaErrorPolicy='raise', lms=UNKNOWN, monitor=<psychopy.monitors.calibTools.Monitor object at 0x7f8d40fe7b38>, multiSample=False, name='window1', numSamples=2, pos=[0.0, 0.0], screen=1, size=array([1600,  900]), stencilBits=0, stereo=False, units='height', useFBO=True, useRetina=False, viewOri=0.0, viewPos=None, viewScale=None, waitBlanking=True, winType='pyglet')
10.8227 	EXP 	window1: mouseVisible = True
10.8228 	EXP 	window1: recordFrameIntervals = False
10.9880 	EXP 	window1: recordFrameIntervals = True
11.0624 	WARNING 	t of last frame was 24.02ms (=1/41)
11.2380 	EXP 	window1: recordFrameIntervals = False
11.7352 	EXP 	Created welcomemessage = TextStim(__class__=<class 'psychopy.visual.text.TextStim'>, alignHoriz=method-wrapper(...), alignText='center', alignVert=method-wrapper(...), anchorHoriz='center', anchorVert='center', antialias=True, autoLog=True, bold=False, color=array([1., 1., 1.]), colorSpace='rgb', contrast=1.0, depth=0.0, flipHoriz=False, flipVert=False, font='Open Sans', fontFiles=[], height=0.05, italic=False, languageStyle='LTR', name='welcomemessage', opacity=1, ori=0.0, pos=array([0. , 0.2]), rgb=UNKNOWN, text=str(...), units='height', win=Window(...), wrapWidth=1)
11.8056 	EXP 	Created EyeOpen_message = TextStim(__class__=<class 'psychopy.visual.text.TextStim'>, alignHoriz=method-wrapper(...), alignText='center', alignVert=method-wrapper(...), anchorHoriz='center', anchorVert='center', antialias=True, autoLog=True, bold=False, color=array([1., 1., 1.]), colorSpace='rgb', contrast=1.0, depth=0.0, flipHoriz=False, flipVert=False, font='Open Sans', fontFiles=[], height=0.05, italic=False, languageStyle='LTR', name='EyeOpen_message', opacity=1, ori=0.0, pos=array([0., 0.]), rgb=UNKNOWN, text=str(...), units='height', win=Window(...), wrapWidth=1)
11.8696 	EXP 	Created text_3 = TextStim(__class__=<class 'psychopy.visual.text.TextStim'>, alignHoriz=method-wrapper(...), alignText='center', alignVert=method-wrapper(...), anchorHoriz='center', anchorVert='center', antialias=True, autoLog=True, bold=False, color=array([1., 1., 1.]), colorSpace='rgb', contrast=1.0, depth=0.0, flipHoriz=False, flipVert=False, font='Open Sans', fontFiles=[], height=0.05, italic=False, languageStyle='LTR', name='text_3', opacity=1, ori=0.0, pos=array([0., 0.]), rgb=UNKNOWN, text='Ready', units='height', win=Window(...), wrapWidth=1)
11.8722 	EXP 	Created text_5 = TextStim(__class__=<class 'psychopy.visual.text.TextStim'>, alignHoriz=method-wrapper(...), alignText='center', alignVert=method-wrapper(...), anchorHoriz='center', anchorVert='center', antialias=True, autoLog=True, bold=False, color=array([1., 1., 1.]), colorSpace='rgb', contrast=1.0, depth=-1.0, flipHoriz=False, flipVert=False, font='Open Sans', fontFiles=[], height=0.05, italic=False, languageStyle='LTR', name='text_5', opacity=1, ori=0.0, pos=array([0., 0.]), rgb=UNKNOWN, text='Go!!', units='height', win=Window(...), wrapWidth=1)
11.8748 	EXP 	Created eyeopen_start = TextStim(__class__=<class 'psychopy.visual.text.TextStim'>, alignHoriz=method-wrapper(...), alignText='center', alignVert=method-wrapper(...), anchorHoriz='center', anchorVert='center', antialias=True, autoLog=True, bold=False, color=array([1., 1., 1.]), colorSpace='rgb', contrast=1.0, depth=-1.0, flipHoriz=False, flipVert=False, font='Open Sans', fontFiles=[], height=0.1, italic=False, languageStyle='LTR', name='eyeopen_start', opacity=1, ori=0.0, pos=array([0., 0.]), rgb=UNKNOWN, text='+', units='height', win=Window(...), wrapWidth=1)
11.8793 	EXP 	Created goodbye_message = TextStim(__class__=<class 'psychopy.visual.text.TextStim'>, alignHoriz=method-wrapper(...), alignText='center', alignVert=method-wrapper(...), anchorHoriz='center', anchorVert='center', antialias=True, autoLog=True, bold=False, color=array([1., 1., 1.]), colorSpace='rgb', contrast=1.0, depth=0.0, flipHoriz=False, flipVert=False, font='Open Sans', fontFiles=[], height=0.05, italic=False, languageStyle='LTR', name='goodbye_message', opacity=1, ori=0.0, pos=array([0., 0.]), rgb=UNKNOWN, text=str(...), units='height', win=Window(...), wrapWidth=1)
11.9436 	EXP 	welcomemessage: autoDraw = True
13.8950 	DATA 	Keypress: space
13.9205 	EXP 	welcomemessage: autoDraw = False
13.9205 	EXP 	EyeOpen_message: autoDraw = True
17.1295 	DATA 	Keypress: space
17.1372 	EXP 	EyeOpen_message: autoDraw = False
17.1372 	EXP 	text_3: autoDraw = True
18.1038 	EXP 	text_5: autoDraw = True
18.1372 	EXP 	text_3: autoDraw = False
19.0875 	EXP 	window1: mouseVisible = False
19.1037 	EXP 	text_5: autoDraw = False
19.1037 	EXP 	text_3: autoDraw = False
19.1037 	EXP 	text_5: autoDraw = False
19.1037 	EXP 	eyeopen_start: autoDraw = True
139.1042 	EXP 	eyeopen_start: autoDraw = False
139.1042 	EXP 	eyeopen_start: autoDraw = False
139.1042 	EXP 	goodbye_message: autoDraw = True
140.8211 	EXP 	goodbye_message: autoDraw = False
140.8445 	EXP 	window1: mouseVisible = True
